<?xml version="1.0" encoding="UTF-8"?>
<testsuite name="hello.TestGreeter" tests="3" skipped="0" failures="0" errors="0" timestamp="2025-07-28T13:23:56" hostname="ip-172-31-43-172.ec2.internal" time="0.026">
  <properties/>
  <testcase name="newtestWMGreeterPass" classname="hello.TestGreeter" time="0.019"/>
  <testcase name="testGreeter" classname="hello.TestGreeter" time="0.0"/>
  <testcase name="testGreeterEmpty" classname="hello.TestGreeter" time="0.001"/>
  <system-out><![CDATA[]]></system-out>
  <system-err><![CDATA[]]></system-err>
</testsuite>
